<?xml version="1.0" encoding="UTF-8"?>
<testng-results ignored="0" total="1" passed="1" failed="0" skipped="0">
  <reporter-output>
    <line>
      <![CDATA[Successfully Launched Chrome Browser]]>
    </line>
    <line>
      <![CDATA[Browser window is maximized successfully]]>
    </line>
  </reporter-output>
  <suite started-at="2022-10-13T12:22:27 IST" name="Default suite" finished-at="2022-10-13T12:22:36 IST" duration-ms="8853">
    <groups>
    </groups>
    <test started-at="2022-10-13T12:22:27 IST" name="Default test" finished-at="2022-10-13T12:22:36 IST" duration-ms="8853">
      <class name="PhotographerHub.Tc_001PhotographesHubTest">
        <test-method is-config="true" signature="openTheBrowser(java.lang.String)[pri:0, instance:PhotographerHub.Tc_001PhotographesHubTest@3b6ddd1d]" started-at="2022-10-13T12:22:27 IST" name="openTheBrowser" finished-at="2022-10-13T12:22:33 IST" duration-ms="5588" status="PASS">
          <params>
            <param index="0">
              <value>
                <![CDATA[chrome]]>
              </value>
            </param>
          </params>
          <reporter-output>
            <line>
              <![CDATA[Successfully Launched Chrome Browser]]>
            </line>
            <line>
              <![CDATA[Browser window is maximized successfully]]>
            </line>
          </reporter-output>
        </test-method> <!-- openTheBrowser -->
        <test-method is-config="true" signature="navigateToApplication()[pri:0, instance:PhotographerHub.Tc_001PhotographesHubTest@3b6ddd1d]" started-at="2022-10-13T12:22:33 IST" name="navigateToApplication" finished-at="2022-10-13T12:22:36 IST" duration-ms="3205" status="PASS">
          <reporter-output>
          </reporter-output>
        </test-method> <!-- navigateToApplication -->
        <test-method signature="Photographer()[pri:0, instance:PhotographerHub.Tc_001PhotographesHubTest@3b6ddd1d]" started-at="2022-10-13T12:22:36 IST" name="Photographer" finished-at="2022-10-13T12:22:36 IST" duration-ms="7" status="PASS">
          <reporter-output>
          </reporter-output>
        </test-method> <!-- Photographer -->
        <test-method is-config="true" signature="closeTheBrowser()[pri:0, instance:PhotographerHub.Tc_001PhotographesHubTest@3b6ddd1d]" started-at="2022-10-13T12:22:36 IST" name="closeTheBrowser" finished-at="2022-10-13T12:22:36 IST" duration-ms="0" status="PASS">
          <reporter-output>
          </reporter-output>
        </test-method> <!-- closeTheBrowser -->
      </class> <!-- PhotographerHub.Tc_001PhotographesHubTest -->
    </test> <!-- Default test -->
  </suite> <!-- Default suite -->
</testng-results>
